<?xml version="1.0" encoding="UTF-8"?>
<testng-results ignored="0" total="2" passed="2" failed="0" skipped="0">
  <reporter-output>
    <line>
      <![CDATA[ITEM ADDED SUCESSFULLY]]>
    </line>
    <line>
      <![CDATA[Launguage selected sucessfully]]>
    </line>
  </reporter-output>
  <suite started-at="2024-08-13T20:22:36 IST" name="Test-Suite" finished-at="2024-08-13T20:23:08 IST" duration-ms="31722">
    <groups>
    </groups>
    <test started-at="2024-08-13T20:22:36 IST" name="Amazon" finished-at="2024-08-13T20:23:08 IST" duration-ms="31722">
      <class name="com.amazon.testscripts.TC002">
        <test-method signature="tc002()[pri:0, instance:com.amazon.testscripts.TC002@5e600dd5]" started-at="2024-08-13T20:22:52 IST" name="tc002" finished-at="2024-08-13T20:23:08 IST" duration-ms="16099" status="PASS">
          <reporter-output>
            <line>
              <![CDATA[Launguage selected sucessfully]]>
            </line>
          </reporter-output>
        </test-method> <!-- tc002 -->
      </class> <!-- com.amazon.testscripts.TC002 -->
      <class name="com.amazon.testscripts.TC001">
        <test-method signature="tc001()[pri:0, instance:com.amazon.testscripts.TC001@273e7444]" started-at="2024-08-13T20:22:36 IST" name="tc001" finished-at="2024-08-13T20:22:52 IST" duration-ms="15531" status="PASS">
          <reporter-output>
            <line>
              <![CDATA[ITEM ADDED SUCESSFULLY]]>
            </line>
          </reporter-output>
        </test-method> <!-- tc001 -->
      </class> <!-- com.amazon.testscripts.TC001 -->
    </test> <!-- Amazon -->
  </suite> <!-- Test-Suite -->
</testng-results>
